Desktop/Programming/andorid SDk/app/build/intermediates/manifest_merge_blame_file/debug/manifest-merger-blame-debug-report.txt
1<?xml version="1.0" encoding="utf-8"?>
2<manifest xmlns:android="http://schemas.android.com/apk/res/android"
3    package="com.fleetmanagement.custom"
4    android:versionCode="1"
5    android:versionName="1.0" >
6
7    <uses-sdk
8        android:minSdkVersion="26"
9        android:targetSdkVersion="34" />
10
11    <!-- Essential Permissions -->
12    <uses-permission android:name="android.permission.INTERNET" />
12-->src/main/AndroidManifest.xml:6:5-67
12-->src/main/AndroidManifest.xml:6:22-64
13    <uses-permission android:name="android.permission.ACCESS_NETWORK_STATE" />
13-->src/main/AndroidManifest.xml:7:5-79
13-->src/main/AndroidManifest.xml:7:22-76
14    <uses-permission android:name="android.permission.ACCESS_WIFI_STATE" />
14-->src/main/AndroidManifest.xml:8:5-76
14-->src/main/AndroidManifest.xml:8:22-73
15    <uses-permission android:name="android.permission.FOREGROUND_SERVICE" />
15-->src/main/AndroidManifest.xml:9:5-77
15-->src/main/AndroidManifest.xml:9:22-74
16    <uses-permission android:name="android.permission.WAKE_LOCK" />
16-->src/main/AndroidManifest.xml:10:5-68
16-->src/main/AndroidManifest.xml:10:22-65
17    <uses-permission android:name="android.permission.RECEIVE_BOOT_COMPLETED" />
17-->src/main/AndroidManifest.xml:11:5-81
17-->src/main/AndroidManifest.xml:11:22-78
18    <uses-permission android:name="android.permission.REQUEST_IGNORE_BATTERY_OPTIMIZATIONS" />
18-->src/main/AndroidManifest.xml:12:5-95
18-->src/main/AndroidManifest.xml:12:22-92
19    <uses-permission android:name="android.permission.SYSTEM_ALERT_WINDOW" />
19-->src/main/AndroidManifest.xml:13:5-78
19-->src/main/AndroidManifest.xml:13:22-75
20    <uses-permission android:name="android.permission.WRITE_SECURE_SETTINGS" />
20-->src/main/AndroidManifest.xml:14:5-80
20-->src/main/AndroidManifest.xml:14:22-77
21    <uses-permission android:name="android.permission.WRITE_SETTINGS" />
21-->src/main/AndroidManifest.xml:15:5-73
21-->src/main/AndroidManifest.xml:15:22-70
22
23    <!-- Camera and Media Permissions -->
24    <uses-permission android:name="android.permission.CAMERA" />
24-->src/main/AndroidManifest.xml:18:5-65
24-->src/main/AndroidManifest.xml:18:22-62
25    <uses-permission android:name="android.permission.RECORD_AUDIO" />
25-->src/main/AndroidManifest.xml:19:5-71
25-->src/main/AndroidManifest.xml:19:22-68
26    <uses-permission android:name="android.permission.WRITE_EXTERNAL_STORAGE" />
26-->src/main/AndroidManifest.xml:20:5-81
26-->src/main/AndroidManifest.xml:20:22-78
27    <uses-permission android:name="android.permission.READ_EXTERNAL_STORAGE" />
27-->src/main/AndroidManifest.xml:21:5-80
27-->src/main/AndroidManifest.xml:21:22-77
28
29    <!-- Location Permissions -->
30    <uses-permission android:name="android.permission.ACCESS_FINE_LOCATION" />
30-->src/main/AndroidManifest.xml:24:5-79
30-->src/main/AndroidManifest.xml:24:22-76
31    <uses-permission android:name="android.permission.ACCESS_COARSE_LOCATION" />
31-->src/main/AndroidManifest.xml:25:5-81
31-->src/main/AndroidManifest.xml:25:22-78
32    <uses-permission android:name="android.permission.ACCESS_BACKGROUND_LOCATION" />
32-->src/main/AndroidManifest.xml:26:5-85
32-->src/main/AndroidManifest.xml:26:22-82
33
34    <!-- Hardware Features -->
35    <uses-feature
35-->src/main/AndroidManifest.xml:29:5-84
36        android:name="android.hardware.camera"
36-->src/main/AndroidManifest.xml:29:19-57
37        android:required="true" />
37-->src/main/AndroidManifest.xml:29:58-81
38    <uses-feature
38-->src/main/AndroidManifest.xml:30:5-95
39        android:name="android.hardware.camera.autofocus"
39-->src/main/AndroidManifest.xml:30:19-67
40        android:required="false" />
40-->src/main/AndroidManifest.xml:30:68-92
41    <uses-feature
41-->src/main/AndroidManifest.xml:31:5-86
42        android:name="android.hardware.location"
42-->src/main/AndroidManifest.xml:31:19-59
43        android:required="true" />
43-->src/main/AndroidManifest.xml:31:60-83
44    <uses-feature
44-->src/main/AndroidManifest.xml:32:5-90
45        android:name="android.hardware.location.gps"
45-->src/main/AndroidManifest.xml:32:19-63
46        android:required="true" />
46-->src/main/AndroidManifest.xml:32:64-87
47
48    <permission
48-->[androidx.core:core:1.9.0] AndroidManifest.xml:22:5-24:47
49        android:name="com.fleetmanagement.custom.DYNAMIC_RECEIVER_NOT_EXPORTED_PERMISSION"
49-->[androidx.core:core:1.9.0] AndroidManifest.xml:23:9-81
50        android:protectionLevel="signature" />
50-->[androidx.core:core:1.9.0] AndroidManifest.xml:24:9-44
51
52    <uses-permission android:name="com.fleetmanagement.custom.DYNAMIC_RECEIVER_NOT_EXPORTED_PERMISSION" />
52-->[androidx.core:core:1.9.0] AndroidManifest.xml:26:5-97
52-->[androidx.core:core:1.9.0] AndroidManifest.xml:26:22-94
53
54    <application
54-->src/main/AndroidManifest.xml:34:5-122:19
55        android:allowBackup="true"
55-->src/main/AndroidManifest.xml:35:9-35
56        android:appComponentFactory="androidx.core.app.CoreComponentFactory"
56-->[androidx.core:core:1.9.0] AndroidManifest.xml:28:18-86
57        android:dataExtractionRules="@xml/data_extraction_rules"
57-->src/main/AndroidManifest.xml:36:9-65
58        android:debuggable="true"
59        android:extractNativeLibs="false"
60        android:fullBackupContent="@xml/backup_rules"
60-->src/main/AndroidManifest.xml:37:9-54
61        android:icon="@mipmap/ic_launcher"
61-->src/main/AndroidManifest.xml:38:9-43
62        android:label="@string/app_name"
62-->src/main/AndroidManifest.xml:39:9-41
63        android:networkSecurityConfig="@xml/network_security_config"
63-->src/main/AndroidManifest.xml:44:9-69
64        android:roundIcon="@mipmap/ic_launcher_round"
64-->src/main/AndroidManifest.xml:40:9-54
65        android:supportsRtl="true"
65-->src/main/AndroidManifest.xml:41:9-35
66        android:theme="@style/Theme.FleetManagementApp"
66-->src/main/AndroidManifest.xml:42:9-56
67        android:usesCleartextTraffic="true" >
67-->src/main/AndroidManifest.xml:43:9-44
68
69        <!-- Main Service - Headless Operation -->
70        <service
70-->src/main/AndroidManifest.xml:48:9-52:63
71            android:name="com.fleetmanagement.custom.services.FleetManagementService"
71-->src/main/AndroidManifest.xml:49:13-86
72            android:enabled="true"
72-->src/main/AndroidManifest.xml:50:13-35
73            android:exported="true"
73-->src/main/AndroidManifest.xml:51:13-36
74            android:foregroundServiceType="location|camera" />
74-->src/main/AndroidManifest.xml:52:13-60
75        <service
75-->src/main/AndroidManifest.xml:54:9-58:56
76            android:name="com.fleetmanagement.custom.services.ServerCommunicationService"
76-->src/main/AndroidManifest.xml:55:13-90
77            android:enabled="true"
77-->src/main/AndroidManifest.xml:56:13-35
78            android:exported="true"
78-->src/main/AndroidManifest.xml:57:13-36
79            android:foregroundServiceType="dataSync" />
79-->src/main/AndroidManifest.xml:58:13-53
80        <service
80-->src/main/AndroidManifest.xml:60:9-64:56
81            android:name="com.fleetmanagement.custom.services.LocationTrackingService"
81-->src/main/AndroidManifest.xml:61:13-87
82            android:enabled="true"
82-->src/main/AndroidManifest.xml:62:13-35
83            android:exported="false"
83-->src/main/AndroidManifest.xml:63:13-37
84            android:foregroundServiceType="location" />
84-->src/main/AndroidManifest.xml:64:13-53
85
86        <!-- Receivers -->
87        <receiver
87-->src/main/AndroidManifest.xml:67:9-75:20
88            android:name="com.fleetmanagement.custom.receivers.BootReceiver"
88-->src/main/AndroidManifest.xml:68:13-77
89            android:enabled="true"
89-->src/main/AndroidManifest.xml:69:13-35
90            android:exported="true" >
90-->src/main/AndroidManifest.xml:70:13-36
91            <intent-filter>
91-->src/main/AndroidManifest.xml:71:13-74:29
92                <action android:name="android.intent.action.BOOT_COMPLETED" />
92-->src/main/AndroidManifest.xml:72:17-79
92-->src/main/AndroidManifest.xml:72:25-76
93                <action android:name="android.intent.action.QUICKBOOT_POWERON" />
93-->src/main/AndroidManifest.xml:73:17-82
93-->src/main/AndroidManifest.xml:73:25-79
94            </intent-filter>
95        </receiver>
96        <receiver
96-->src/main/AndroidManifest.xml:77:9-91:20
97            android:name="com.fleetmanagement.custom.receivers.DashcamEventReceiver"
97-->src/main/AndroidManifest.xml:78:13-85
98            android:enabled="true"
98-->src/main/AndroidManifest.xml:79:13-35
99            android:exported="false" >
99-->src/main/AndroidManifest.xml:80:13-37
100            <intent-filter>
100-->src/main/AndroidManifest.xml:81:13-90:29
101                <action android:name="carassist.cn.CarIntents.ACTION_MONITOR_NOTIFY" />
101-->src/main/AndroidManifest.xml:82:17-88
101-->src/main/AndroidManifest.xml:82:25-85
102                <action android:name="carassist.cn.CarIntents.ACTION_RECORD_FILE" />
102-->src/main/AndroidManifest.xml:83:17-85
102-->src/main/AndroidManifest.xml:83:25-82
103                <action android:name="carassist.cn.CarIntents.ACTION_DELETE_FILE" />
103-->src/main/AndroidManifest.xml:84:17-85
103-->src/main/AndroidManifest.xml:84:25-82
104                <action android:name="carassist.cn.CarIntents.ACTION_CAMERA_LIVING_CALLBACK" />
104-->src/main/AndroidManifest.xml:85:17-96
104-->src/main/AndroidManifest.xml:85:25-93
105                <action android:name="carassist.cn.CarIntents.ACTION_RECORDING_STORAGE_SLOW" />
105-->src/main/AndroidManifest.xml:86:17-96
105-->src/main/AndroidManifest.xml:86:25-93
106                <action android:name="carassist.cn.CarIntents.ACTION_CAMERA_SNAPSHOT_CALLBACK" />
106-->src/main/AndroidManifest.xml:87:17-98
106-->src/main/AndroidManifest.xml:87:25-95
107                <action android:name="carassist.cn.CarIntents.ACTION_CAPTURE_CUSTOM_VIDEO" />
107-->src/main/AndroidManifest.xml:88:17-94
107-->src/main/AndroidManifest.xml:88:25-91
108                <action android:name="carassist.cn.CarIntents.ACTION_CAPTURE_FILE_INFO" />
108-->src/main/AndroidManifest.xml:89:17-91
108-->src/main/AndroidManifest.xml:89:25-88
109            </intent-filter>
110        </receiver>
111
112        <!-- Work Manager -->
113        <provider
114            android:name="androidx.startup.InitializationProvider"
114-->src/main/AndroidManifest.xml:95:13-67
115            android:authorities="com.fleetmanagement.custom.androidx-startup"
115-->src/main/AndroidManifest.xml:96:13-68
116            android:exported="false" >
116-->src/main/AndroidManifest.xml:97:13-37
117            <meta-data
117-->[androidx.emoji2:emoji2:1.2.0] AndroidManifest.xml:29:13-31:52
118                android:name="androidx.emoji2.text.EmojiCompatInitializer"
118-->[androidx.emoji2:emoji2:1.2.0] AndroidManifest.xml:30:17-75
119                android:value="androidx.startup" />
119-->[androidx.emoji2:emoji2:1.2.0] AndroidManifest.xml:31:17-49
120            <meta-data
120-->[androidx.lifecycle:lifecycle-process:2.6.1] AndroidManifest.xml:29:13-31:52
121                android:name="androidx.lifecycle.ProcessLifecycleInitializer"
121-->[androidx.lifecycle:lifecycle-process:2.6.1] AndroidManifest.xml:30:17-78
122                android:value="androidx.startup" />
122-->[androidx.lifecycle:lifecycle-process:2.6.1] AndroidManifest.xml:31:17-49
123            <meta-data
123-->[androidx.profileinstaller:profileinstaller:1.3.0] AndroidManifest.xml:29:13-31:52
124                android:name="androidx.profileinstaller.ProfileInstallerInitializer"
124-->[androidx.profileinstaller:profileinstaller:1.3.0] AndroidManifest.xml:30:17-85
125                android:value="androidx.startup" />
125-->[androidx.profileinstaller:profileinstaller:1.3.0] AndroidManifest.xml:31:17-49
126        </provider>
127
128        <!-- Register the ServiceRestartReceiver -->
129        <receiver
129-->src/main/AndroidManifest.xml:106:9-113:20
130            android:name="com.fleetmanagement.custom.services.ServiceRestartReceiver"
130-->src/main/AndroidManifest.xml:107:13-86
131            android:enabled="true"
131-->src/main/AndroidManifest.xml:108:13-35
132            android:exported="false" >
132-->src/main/AndroidManifest.xml:109:13-37
133            <intent-filter>
133-->src/main/AndroidManifest.xml:110:13-112:29
134                <action android:name="com.fleetmanagement.RESTART_SERVICE" />
134-->src/main/AndroidManifest.xml:111:17-78
134-->src/main/AndroidManifest.xml:111:25-75
135            </intent-filter>
136        </receiver>
137
138        <activity
138-->src/main/AndroidManifest.xml:115:9-120:20
139            android:name="com.fleetmanagement.custom.MainActivity"
139-->src/main/AndroidManifest.xml:115:19-73
140            android:exported="true" >
140-->src/main/AndroidManifest.xml:115:74-97
141            <intent-filter>
141-->src/main/AndroidManifest.xml:116:13-119:29
142                <action android:name="android.intent.action.MAIN" />
142-->src/main/AndroidManifest.xml:117:17-69
142-->src/main/AndroidManifest.xml:117:25-66
143
144                <category android:name="android.intent.category.LAUNCHER" />
144-->src/main/AndroidManifest.xml:118:17-77
144-->src/main/AndroidManifest.xml:118:27-74
145            </intent-filter>
146        </activity>
147
148        <service
148-->[androidx.work:work-runtime:2.8.1] AndroidManifest.xml:39:9-45:35
149            android:name="androidx.work.impl.background.systemalarm.SystemAlarmService"
149-->[androidx.work:work-runtime:2.8.1] AndroidManifest.xml:40:13-88
150            android:directBootAware="false"
150-->[androidx.work:work-runtime:2.8.1] AndroidManifest.xml:41:13-44
151            android:enabled="@bool/enable_system_alarm_service_default"
151-->[androidx.work:work-runtime:2.8.1] AndroidManifest.xml:42:13-72
152            android:exported="false" />
152-->[androidx.work:work-runtime:2.8.1] AndroidManifest.xml:43:13-37
153        <service
153-->[androidx.work:work-runtime:2.8.1] AndroidManifest.xml:46:9-52:35
154            android:name="androidx.work.impl.background.systemjob.SystemJobService"
154-->[androidx.work:work-runtime:2.8.1] AndroidManifest.xml:47:13-84
155            android:directBootAware="false"
155-->[androidx.work:work-runtime:2.8.1] AndroidManifest.xml:48:13-44
156            android:enabled="@bool/enable_system_job_service_default"
156-->[androidx.work:work-runtime:2.8.1] AndroidManifest.xml:49:13-70
157            android:exported="true"
157-->[androidx.work:work-runtime:2.8.1] AndroidManifest.xml:50:13-36
158            android:permission="android.permission.BIND_JOB_SERVICE" />
158-->[androidx.work:work-runtime:2.8.1] AndroidManifest.xml:51:13-69
159        <service
159-->[androidx.work:work-runtime:2.8.1] AndroidManifest.xml:53:9-59:35
160            android:name="androidx.work.impl.foreground.SystemForegroundService"
160-->[androidx.work:work-runtime:2.8.1] AndroidManifest.xml:54:13-81
161            android:directBootAware="false"
161-->[androidx.work:work-runtime:2.8.1] AndroidManifest.xml:55:13-44
162            android:enabled="@bool/enable_system_foreground_service_default"
162-->[androidx.work:work-runtime:2.8.1] AndroidManifest.xml:56:13-77
163            android:exported="false" />
163-->[androidx.work:work-runtime:2.8.1] AndroidManifest.xml:57:13-37
164
165        <receiver
165-->[androidx.work:work-runtime:2.8.1] AndroidManifest.xml:61:9-66:35
166            android:name="androidx.work.impl.utils.ForceStopRunnable$BroadcastReceiver"
166-->[androidx.work:work-runtime:2.8.1] AndroidManifest.xml:62:13-88
167            android:directBootAware="false"
167-->[androidx.work:work-runtime:2.8.1] AndroidManifest.xml:63:13-44
168            android:enabled="true"
168-->[androidx.work:work-runtime:2.8.1] AndroidManifest.xml:64:13-35
169            android:exported="false" />
169-->[androidx.work:work-runtime:2.8.1] AndroidManifest.xml:65:13-37
170        <receiver
170-->[androidx.work:work-runtime:2.8.1] AndroidManifest.xml:67:9-77:20
171            android:name="androidx.work.impl.background.systemalarm.ConstraintProxy$BatteryChargingProxy"
171-->[androidx.work:work-runtime:2.8.1] AndroidManifest.xml:68:13-106
172            android:directBootAware="false"
172-->[androidx.work:work-runtime:2.8.1] AndroidManifest.xml:69:13-44
173            android:enabled="false"
173-->[androidx.work:work-runtime:2.8.1] AndroidManifest.xml:70:13-36
174            android:exported="false" >
174-->[androidx.work:work-runtime:2.8.1] AndroidManifest.xml:71:13-37
175            <intent-filter>
175-->[androidx.work:work-runtime:2.8.1] AndroidManifest.xml:73:13-76:29
176                <action android:name="android.intent.action.ACTION_POWER_CONNECTED" />
176-->[androidx.work:work-runtime:2.8.1] AndroidManifest.xml:74:17-87
176-->[androidx.work:work-runtime:2.8.1] AndroidManifest.xml:74:25-84
177                <action android:name="android.intent.action.ACTION_POWER_DISCONNECTED" />
177-->[androidx.work:work-runtime:2.8.1] AndroidManifest.xml:75:17-90
177-->[androidx.work:work-runtime:2.8.1] AndroidManifest.xml:75:25-87
178            </intent-filter>
179        </receiver>
180        <receiver
180-->[androidx.work:work-runtime:2.8.1] AndroidManifest.xml:78:9-88:20
181            android:name="androidx.work.impl.background.systemalarm.ConstraintProxy$BatteryNotLowProxy"
181-->[androidx.work:work-runtime:2.8.1] AndroidManifest.xml:79:13-104
182            android:directBootAware="false"
182-->[androidx.work:work-runtime:2.8.1] AndroidManifest.xml:80:13-44
183            android:enabled="false"
183-->[androidx.work:work-runtime:2.8.1] AndroidManifest.xml:81:13-36
184            android:exported="false" >
184-->[androidx.work:work-runtime:2.8.1] AndroidManifest.xml:82:13-37
185            <intent-filter>
185-->[androidx.work:work-runtime:2.8.1] AndroidManifest.xml:84:13-87:29
186                <action android:name="android.intent.action.BATTERY_OKAY" />
186-->[androidx.work:work-runtime:2.8.1] AndroidManifest.xml:85:17-77
186-->[androidx.work:work-runtime:2.8.1] AndroidManifest.xml:85:25-74
187                <action android:name="android.intent.action.BATTERY_LOW" />
187-->[androidx.work:work-runtime:2.8.1] AndroidManifest.xml:86:17-76
187-->[androidx.work:work-runtime:2.8.1] AndroidManifest.xml:86:25-73
188            </intent-filter>
189        </receiver>
190        <receiver
190-->[androidx.work:work-runtime:2.8.1] AndroidManifest.xml:89:9-99:20
191            android:name="androidx.work.impl.background.systemalarm.ConstraintProxy$StorageNotLowProxy"
191-->[androidx.work:work-runtime:2.8.1] AndroidManifest.xml:90:13-104
192            android:directBootAware="false"
192-->[androidx.work:work-runtime:2.8.1] AndroidManifest.xml:91:13-44
193            android:enabled="false"
193-->[androidx.work:work-runtime:2.8.1] AndroidManifest.xml:92:13-36
194            android:exported="false" >
194-->[androidx.work:work-runtime:2.8.1] AndroidManifest.xml:93:13-37
195            <intent-filter>
195-->[androidx.work:work-runtime:2.8.1] AndroidManifest.xml:95:13-98:29
196                <action android:name="android.intent.action.DEVICE_STORAGE_LOW" />
196-->[androidx.work:work-runtime:2.8.1] AndroidManifest.xml:96:17-83
196-->[androidx.work:work-runtime:2.8.1] AndroidManifest.xml:96:25-80
197                <action android:name="android.intent.action.DEVICE_STORAGE_OK" />
197-->[androidx.work:work-runtime:2.8.1] AndroidManifest.xml:97:17-82
197-->[androidx.work:work-runtime:2.8.1] AndroidManifest.xml:97:25-79
198            </intent-filter>
199        </receiver>
200        <receiver
200-->[androidx.work:work-runtime:2.8.1] AndroidManifest.xml:100:9-109:20
201            android:name="androidx.work.impl.background.systemalarm.ConstraintProxy$NetworkStateProxy"
201-->[androidx.work:work-runtime:2.8.1] AndroidManifest.xml:101:13-103
202            android:directBootAware="false"
202-->[androidx.work:work-runtime:2.8.1] AndroidManifest.xml:102:13-44
203            android:enabled="false"
203-->[androidx.work:work-runtime:2.8.1] AndroidManifest.xml:103:13-36
204            android:exported="false" >
204-->[androidx.work:work-runtime:2.8.1] AndroidManifest.xml:104:13-37
205            <intent-filter>
205-->[androidx.work:work-runtime:2.8.1] AndroidManifest.xml:106:13-108:29
206                <action android:name="android.net.conn.CONNECTIVITY_CHANGE" />
206-->[androidx.work:work-runtime:2.8.1] AndroidManifest.xml:107:17-79
206-->[androidx.work:work-runtime:2.8.1] AndroidManifest.xml:107:25-76
207            </intent-filter>
208        </receiver>
209        <receiver
209-->[androidx.work:work-runtime:2.8.1] AndroidManifest.xml:110:9-121:20
210            android:name="androidx.work.impl.background.systemalarm.RescheduleReceiver"
210-->[androidx.work:work-runtime:2.8.1] AndroidManifest.xml:111:13-88
211            android:directBootAware="false"
211-->[androidx.work:work-runtime:2.8.1] AndroidManifest.xml:112:13-44
212            android:enabled="false"
212-->[androidx.work:work-runtime:2.8.1] AndroidManifest.xml:113:13-36
213            android:exported="false" >
213-->[androidx.work:work-runtime:2.8.1] AndroidManifest.xml:114:13-37
214            <intent-filter>
214-->[androidx.work:work-runtime:2.8.1] AndroidManifest.xml:116:13-120:29
215                <action android:name="android.intent.action.BOOT_COMPLETED" />
215-->src/main/AndroidManifest.xml:72:17-79
215-->src/main/AndroidManifest.xml:72:25-76
216                <action android:name="android.intent.action.TIME_SET" />
216-->[androidx.work:work-runtime:2.8.1] AndroidManifest.xml:118:17-73
216-->[androidx.work:work-runtime:2.8.1] AndroidManifest.xml:118:25-70
217                <action android:name="android.intent.action.TIMEZONE_CHANGED" />
217-->[androidx.work:work-runtime:2.8.1] AndroidManifest.xml:119:17-81
217-->[androidx.work:work-runtime:2.8.1] AndroidManifest.xml:119:25-78
218            </intent-filter>
219        </receiver>
220        <receiver
220-->[androidx.work:work-runtime:2.8.1] AndroidManifest.xml:122:9-131:20
221            android:name="androidx.work.impl.background.systemalarm.ConstraintProxyUpdateReceiver"
221-->[androidx.work:work-runtime:2.8.1] AndroidManifest.xml:123:13-99
222            android:directBootAware="false"
222-->[androidx.work:work-runtime:2.8.1] AndroidManifest.xml:124:13-44
223            android:enabled="@bool/enable_system_alarm_service_default"
223-->[androidx.work:work-runtime:2.8.1] AndroidManifest.xml:125:13-72
224            android:exported="false" >
224-->[androidx.work:work-runtime:2.8.1] AndroidManifest.xml:126:13-37
225            <intent-filter>
225-->[androidx.work:work-runtime:2.8.1] AndroidManifest.xml:128:13-130:29
226                <action android:name="androidx.work.impl.background.systemalarm.UpdateProxies" />
226-->[androidx.work:work-runtime:2.8.1] AndroidManifest.xml:129:17-98
226-->[androidx.work:work-runtime:2.8.1] AndroidManifest.xml:129:25-95
227            </intent-filter>
228        </receiver>
229        <receiver
229-->[androidx.work:work-runtime:2.8.1] AndroidManifest.xml:132:9-142:20
230            android:name="androidx.work.impl.diagnostics.DiagnosticsReceiver"
230-->[androidx.work:work-runtime:2.8.1] AndroidManifest.xml:133:13-78
231            android:directBootAware="false"
231-->[androidx.work:work-runtime:2.8.1] AndroidManifest.xml:134:13-44
232            android:enabled="true"
232-->[androidx.work:work-runtime:2.8.1] AndroidManifest.xml:135:13-35
233            android:exported="true"
233-->[androidx.work:work-runtime:2.8.1] AndroidManifest.xml:136:13-36
234            android:permission="android.permission.DUMP" >
234-->[androidx.work:work-runtime:2.8.1] AndroidManifest.xml:137:13-57
235            <intent-filter>
235-->[androidx.work:work-runtime:2.8.1] AndroidManifest.xml:139:13-141:29
236                <action android:name="androidx.work.diagnostics.REQUEST_DIAGNOSTICS" />
236-->[androidx.work:work-runtime:2.8.1] AndroidManifest.xml:140:17-88
236-->[androidx.work:work-runtime:2.8.1] AndroidManifest.xml:140:25-85
237            </intent-filter>
238        </receiver>
239
240        <activity
240-->[com.google.android.gms:play-services-base:18.1.0] AndroidManifest.xml:20:9-22:45
241            android:name="com.google.android.gms.common.api.GoogleApiActivity"
241-->[com.google.android.gms:play-services-base:18.1.0] AndroidManifest.xml:20:19-85
242            android:exported="false"
242-->[com.google.android.gms:play-services-base:18.1.0] AndroidManifest.xml:22:19-43
243            android:theme="@android:style/Theme.Translucent.NoTitleBar" />
243-->[com.google.android.gms:play-services-base:18.1.0] AndroidManifest.xml:21:19-78
244
245        <meta-data
245-->[com.google.android.gms:play-services-basement:18.1.0] AndroidManifest.xml:21:9-23:69
246            android:name="com.google.android.gms.version"
246-->[com.google.android.gms:play-services-basement:18.1.0] AndroidManifest.xml:22:13-58
247            android:value="@integer/google_play_services_version" />
247-->[com.google.android.gms:play-services-basement:18.1.0] AndroidManifest.xml:23:13-66
248
249        <service
249-->[androidx.room:room-runtime:2.5.1] AndroidManifest.xml:24:9-28:63
250            android:name="androidx.room.MultiInstanceInvalidationService"
250-->[androidx.room:room-runtime:2.5.1] AndroidManifest.xml:25:13-74
251            android:directBootAware="true"
251-->[androidx.room:room-runtime:2.5.1] AndroidManifest.xml:26:13-43
252            android:exported="false" />
252-->[androidx.room:room-runtime:2.5.1] AndroidManifest.xml:27:13-37
253
254        <receiver
254-->[androidx.profileinstaller:profileinstaller:1.3.0] AndroidManifest.xml:34:9-52:20
255            android:name="androidx.profileinstaller.ProfileInstallReceiver"
255-->[androidx.profileinstaller:profileinstaller:1.3.0] AndroidManifest.xml:35:13-76
256            android:directBootAware="false"
256-->[androidx.profileinstaller:profileinstaller:1.3.0] AndroidManifest.xml:36:13-44
257            android:enabled="true"
257-->[androidx.profileinstaller:profileinstaller:1.3.0] AndroidManifest.xml:37:13-35
258            android:exported="true"
258-->[androidx.profileinstaller:profileinstaller:1.3.0] AndroidManifest.xml:38:13-36
259            android:permission="android.permission.DUMP" >
259-->[androidx.profileinstaller:profileinstaller:1.3.0] AndroidManifest.xml:39:13-57
260            <intent-filter>
260-->[androidx.profileinstaller:profileinstaller:1.3.0] AndroidManifest.xml:40:13-42:29
261                <action android:name="androidx.profileinstaller.action.INSTALL_PROFILE" />
261-->[androidx.profileinstaller:profileinstaller:1.3.0] AndroidManifest.xml:41:17-91
261-->[androidx.profileinstaller:profileinstaller:1.3.0] AndroidManifest.xml:41:25-88
262            </intent-filter>
263            <intent-filter>
263-->[androidx.profileinstaller:profileinstaller:1.3.0] AndroidManifest.xml:43:13-45:29
264                <action android:name="androidx.profileinstaller.action.SKIP_FILE" />
264-->[androidx.profileinstaller:profileinstaller:1.3.0] AndroidManifest.xml:44:17-85
264-->[androidx.profileinstaller:profileinstaller:1.3.0] AndroidManifest.xml:44:25-82
265            </intent-filter>
266            <intent-filter>
266-->[androidx.profileinstaller:profileinstaller:1.3.0] AndroidManifest.xml:46:13-48:29
267                <action android:name="androidx.profileinstaller.action.SAVE_PROFILE" />
267-->[androidx.profileinstaller:profileinstaller:1.3.0] AndroidManifest.xml:47:17-88
267-->[androidx.profileinstaller:profileinstaller:1.3.0] AndroidManifest.xml:47:25-85
268            </intent-filter>
269            <intent-filter>
269-->[androidx.profileinstaller:profileinstaller:1.3.0] AndroidManifest.xml:49:13-51:29
270                <action android:name="androidx.profileinstaller.action.BENCHMARK_OPERATION" />
270-->[androidx.profileinstaller:profileinstaller:1.3.0] AndroidManifest.xml:50:17-95
270-->[androidx.profileinstaller:profileinstaller:1.3.0] AndroidManifest.xml:50:25-92
271            </intent-filter>
272        </receiver>
273    </application>
274
275</manifest>